<?xml version="1.0" encoding="UTF-8"?>
<testsuite xmlns:xsi="http://www.w3.org/2001/XMLSchema-instance" xsi:noNamespaceSchemaLocation="https://maven.apache.org/surefire/maven-surefire-plugin/xsd/surefire-test-report-3.0.xsd" version="3.0" name="TestSuite" time="3.264" tests="3" errors="0" skipped="0" failures="2">
  <properties>
[...]
</properties>
  <testcase name="createLeadTest" classname="com.zoho.suite.testcases.creation.CreateTask" time="0.055"/>
  <testcase name="CreateTaskTest" classname="com.zoho.suite.testcases.creation.CreateLeadTest" time="1.461">
    <failure message="Unable to find provider for session: Capabilities {}&#10;Build info: version: &apos;4.0.0-alpha-6&apos;, revision: &apos;5f43a29cfc&apos;&#10;System info: host: &apos;LAPTOP-7VMSTSG7&apos;, ip: &apos;192.168.43.226&apos;, os.name: &apos;Windows 8.1&apos;, os.arch: &apos;amd64&apos;, os.version: &apos;6.3&apos;, java.version: &apos;1.8.0_51&apos;&#10;Driver info: driver.version: unknown&#10;Build info: version: &apos;4.0.0-alpha-5&apos;, revision: &apos;b3a0d621cc&apos;&#10;System info: host: &apos;LAPTOP-7VMSTSG7&apos;, ip: &apos;192.168.43.226&apos;, os.name: &apos;Windows 8.1&apos;, os.arch: &apos;amd64&apos;, os.version: &apos;6.3&apos;, java.version: &apos;1.8.0_51&apos;&#10;Driver info: driver.version: ZohoDriver&#10;remote stacktrace: org.openqa.selenium.SessionNotCreatedException: Unable to find provider for session: Capabilities {}&#10;Build info: version: &apos;4.0.0-alpha-6&apos;, revision: &apos;5f43a29cfc&apos;&#10;System info: host: &apos;LAPTOP-7VMSTSG7&apos;, ip: &apos;192.168.43.226&apos;, os.name: &apos;Windows 8.1&apos;, os.arch: &apos;amd64&apos;, os.version: &apos;6.3&apos;, java.version: &apos;1.8.0_51&apos;&#10;Driver info: driver.version: unknown&#10;	at org.openqa.selenium.grid.distributor.local.LocalDistributor.lambda$newSession$4(LocalDistributor.java:167)&#10;	at org.openqa.selenium.grid.distributor.local.LocalDistributor$$Lambda$638/1581273261.get(Unknown Source)&#10;	at java.util.Optional.orElseThrow(Unknown Source)&#10;	at org.openqa.selenium.grid.distributor.local.LocalDistributor.newSession(LocalDistributor.java:161)&#10;	at org.openqa.selenium.grid.distributor.Distributor.lambda$new$0(Distributor.java:88)&#10;	at org.openqa.selenium.grid.distributor.Distributor$$Lambda$484/1184870822.execute(Unknown Source)&#10;	at org.openqa.selenium.remote.http.Route$TemplatizedRoute.handle(Route.java:183)&#10;	at org.openqa.selenium.remote.http.Route.execute(Route.java:67)&#10;	at org.openqa.selenium.remote.http.Route$CombinedRoute.handle(Route.java:327)&#10;	at org.openqa.selenium.remote.http.Route.execute(Route.java:67)&#10;	at org.openqa.selenium.grid.distributor.Distributor.execute(Distributor.java:123)&#10;	at org.openqa.selenium.remote.tracing.SpanWrappedHttpHandler.execute(SpanWrappedHttpHandler.java:75)&#10;	at org.openqa.selenium.remote.http.Filter$1.execute(Filter.java:64)&#10;	at org.openqa.selenium.remote.http.Route$CombinedRoute.handle(Route.java:327)&#10;	at org.openqa.selenium.remote.http.Route.execute(Route.java:67)&#10;	at org.openqa.selenium.grid.router.Router.execute(Router.java:67)&#10;	at org.openqa.selenium.remote.http.Route$CombinedRoute.handle(Route.java:327)&#10;	at org.openqa.selenium.remote.http.Route.execute(Route.java:67)&#10;	at org.openqa.selenium.grid.server.AddWebDriverSpecHeaders.lambda$apply$0(AddWebDriverSpecHeaders.java:30)&#10;	at org.openqa.selenium.grid.server.AddWebDriverSpecHeaders$$Lambda$456/980476445.execute(Unknown Source)&#10;	at org.openqa.selenium.grid.server.WrapExceptions.lambda$apply$0(WrapExceptions.java:36)&#10;	at org.openqa.selenium.grid.server.WrapExceptions$$Lambda$458/2068703270.execute(Unknown Source)&#10;	at org.openqa.selenium.remote.http.Filter$1.execute(Filter.java:64)&#10;	at org.openqa.selenium.netty.server.SeleniumHandler.lambda$channelRead0$0(SeleniumHandler.java:46)&#10;	at org.openqa.selenium.netty.server.SeleniumHandler$$Lambda$454/1786544690.run(Unknown Source)&#10;	at java.util.concurrent.Executors$RunnableAdapter.call(Unknown Source)&#10;	at java.util.concurrent.FutureTask.run(Unknown Source)&#10;	at java.util.concurrent.ThreadPoolExecutor.runWorker(Unknown Source)&#10;	at java.util.concurrent.ThreadPoolExecutor$Worker.run(Unknown Source)&#10;	at java.lang.Thread.run(Unknown Source)&#10;" type="org.openqa.selenium.SessionNotCreatedException"><![CDATA[org.openqa.selenium.SessionNotCreatedException: 
Unable to find provider for session: Capabilities {}
Build info: version: '4.0.0-alpha-6', revision: '5f43a29cfc'
System info: host: 'LAPTOP-7VMSTSG7', ip: '192.168.43.226', os.name: 'Windows 8.1', os.arch: 'amd64', os.version: '6.3', java.version: '1.8.0_51'
Driver info: driver.version: unknown
Build info: version: '4.0.0-alpha-5', revision: 'b3a0d621cc'
System info: host: 'LAPTOP-7VMSTSG7', ip: '192.168.43.226', os.name: 'Windows 8.1', os.arch: 'amd64', os.version: '6.3', java.version: '1.8.0_51'
Driver info: driver.version: ZohoDriver
remote stacktrace: org.openqa.selenium.SessionNotCreatedException: Unable to find provider for session: Capabilities {}
Build info: version: '4.0.0-alpha-6', revision: '5f43a29cfc'
System info: host: 'LAPTOP-7VMSTSG7', ip: '192.168.43.226', os.name: 'Windows 8.1', os.arch: 'amd64', os.version: '6.3', java.version: '1.8.0_51'
Driver info: driver.version: unknown
	at org.openqa.selenium.grid.distributor.local.LocalDistributor.lambda$newSession$4(LocalDistributor.java:167)
	at org.openqa.selenium.grid.distributor.local.LocalDistributor$$Lambda$638/1581273261.get(Unknown Source)
	at java.util.Optional.orElseThrow(Unknown Source)
	at org.openqa.selenium.grid.distributor.local.LocalDistributor.newSession(LocalDistributor.java:161)
	at org.openqa.selenium.grid.distributor.Distributor.lambda$new$0(Distributor.java:88)
	at org.openqa.selenium.grid.distributor.Distributor$$Lambda$484/1184870822.execute(Unknown Source)
	at org.openqa.selenium.remote.http.Route$TemplatizedRoute.handle(Route.java:183)
	at org.openqa.selenium.remote.http.Route.execute(Route.java:67)
	at org.openqa.selenium.remote.http.Route$CombinedRoute.handle(Route.java:327)
	at org.openqa.selenium.remote.http.Route.execute(Route.java:67)
	at org.openqa.selenium.grid.distributor.Distributor.execute(Distributor.java:123)
	at org.openqa.selenium.remote.tracing.SpanWrappedHttpHandler.execute(SpanWrappedHttpHandler.java:75)
	at org.openqa.selenium.remote.http.Filter$1.execute(Filter.java:64)
	at org.openqa.selenium.remote.http.Route$CombinedRoute.handle(Route.java:327)
	at org.openqa.selenium.remote.http.Route.execute(Route.java:67)
	at org.openqa.selenium.grid.router.Router.execute(Router.java:67)
	at org.openqa.selenium.remote.http.Route$CombinedRoute.handle(Route.java:327)
	at org.openqa.selenium.remote.http.Route.execute(Route.java:67)
	at org.openqa.selenium.grid.server.AddWebDriverSpecHeaders.lambda$apply$0(AddWebDriverSpecHeaders.java:30)
	at org.openqa.selenium.grid.server.AddWebDriverSpecHeaders$$Lambda$456/980476445.execute(Unknown Source)
	at org.openqa.selenium.grid.server.WrapExceptions.lambda$apply$0(WrapExceptions.java:36)
	at org.openqa.selenium.grid.server.WrapExceptions$$Lambda$458/2068703270.execute(Unknown Source)
	at org.openqa.selenium.remote.http.Filter$1.execute(Filter.java:64)
	at org.openqa.selenium.netty.server.SeleniumHandler.lambda$channelRead0$0(SeleniumHandler.java:46)
	at org.openqa.selenium.netty.server.SeleniumHandler$$Lambda$454/1786544690.run(Unknown Source)
	at java.util.concurrent.Executors$RunnableAdapter.call(Unknown Source)
	at java.util.concurrent.FutureTask.run(Unknown Source)
	at java.util.concurrent.ThreadPoolExecutor.runWorker(Unknown Source)
	at java.util.concurrent.ThreadPoolExecutor$Worker.run(Unknown Source)
	at java.lang.Thread.run(Unknown Source)

	at com.zoho.suite.testcases.creation.CreateLeadTest.CreateTaskTest(CreateLeadTest.java:51)
]]></failure>
    <system-err><![CDATA[log4j:WARN No appenders could be found for logger (freemarker.cache).
log4j:WARN Please initialize the log4j system properly.
SLF4J: Failed to load class "org.slf4j.impl.StaticLoggerBinder".
SLF4J: Defaulting to no-operation (NOP) logger implementation
SLF4J: See http://www.slf4j.org/codes.html#StaticLoggerBinder for further details.
]]></system-err>
  </testcase>
  <testcase name="loginTest" classname="com.zoho.suite.testcases.login.LoginTest" time="1.462">
    <failure message="Unable to find provider for session: Capabilities {}&#10;Build info: version: &apos;4.0.0-alpha-6&apos;, revision: &apos;5f43a29cfc&apos;&#10;System info: host: &apos;LAPTOP-7VMSTSG7&apos;, ip: &apos;192.168.43.226&apos;, os.name: &apos;Windows 8.1&apos;, os.arch: &apos;amd64&apos;, os.version: &apos;6.3&apos;, java.version: &apos;1.8.0_51&apos;&#10;Driver info: driver.version: unknown&#10;Build info: version: &apos;4.0.0-alpha-5&apos;, revision: &apos;b3a0d621cc&apos;&#10;System info: host: &apos;LAPTOP-7VMSTSG7&apos;, ip: &apos;192.168.43.226&apos;, os.name: &apos;Windows 8.1&apos;, os.arch: &apos;amd64&apos;, os.version: &apos;6.3&apos;, java.version: &apos;1.8.0_51&apos;&#10;Driver info: driver.version: ZohoDriver&#10;remote stacktrace: org.openqa.selenium.SessionNotCreatedException: Unable to find provider for session: Capabilities {}&#10;Build info: version: &apos;4.0.0-alpha-6&apos;, revision: &apos;5f43a29cfc&apos;&#10;System info: host: &apos;LAPTOP-7VMSTSG7&apos;, ip: &apos;192.168.43.226&apos;, os.name: &apos;Windows 8.1&apos;, os.arch: &apos;amd64&apos;, os.version: &apos;6.3&apos;, java.version: &apos;1.8.0_51&apos;&#10;Driver info: driver.version: unknown&#10;	at org.openqa.selenium.grid.distributor.local.LocalDistributor.lambda$newSession$4(LocalDistributor.java:167)&#10;	at org.openqa.selenium.grid.distributor.local.LocalDistributor$$Lambda$638/1581273261.get(Unknown Source)&#10;	at java.util.Optional.orElseThrow(Unknown Source)&#10;	at org.openqa.selenium.grid.distributor.local.LocalDistributor.newSession(LocalDistributor.java:161)&#10;	at org.openqa.selenium.grid.distributor.Distributor.lambda$new$0(Distributor.java:88)&#10;	at org.openqa.selenium.grid.distributor.Distributor$$Lambda$484/1184870822.execute(Unknown Source)&#10;	at org.openqa.selenium.remote.http.Route$TemplatizedRoute.handle(Route.java:183)&#10;	at org.openqa.selenium.remote.http.Route.execute(Route.java:67)&#10;	at org.openqa.selenium.remote.http.Route$CombinedRoute.handle(Route.java:327)&#10;	at org.openqa.selenium.remote.http.Route.execute(Route.java:67)&#10;	at org.openqa.selenium.grid.distributor.Distributor.execute(Distributor.java:123)&#10;	at org.openqa.selenium.remote.tracing.SpanWrappedHttpHandler.execute(SpanWrappedHttpHandler.java:75)&#10;	at org.openqa.selenium.remote.http.Filter$1.execute(Filter.java:64)&#10;	at org.openqa.selenium.remote.http.Route$CombinedRoute.handle(Route.java:327)&#10;	at org.openqa.selenium.remote.http.Route.execute(Route.java:67)&#10;	at org.openqa.selenium.grid.router.Router.execute(Router.java:67)&#10;	at org.openqa.selenium.remote.http.Route$CombinedRoute.handle(Route.java:327)&#10;	at org.openqa.selenium.remote.http.Route.execute(Route.java:67)&#10;	at org.openqa.selenium.grid.server.AddWebDriverSpecHeaders.lambda$apply$0(AddWebDriverSpecHeaders.java:30)&#10;	at org.openqa.selenium.grid.server.AddWebDriverSpecHeaders$$Lambda$456/980476445.execute(Unknown Source)&#10;	at org.openqa.selenium.grid.server.WrapExceptions.lambda$apply$0(WrapExceptions.java:36)&#10;	at org.openqa.selenium.grid.server.WrapExceptions$$Lambda$458/2068703270.execute(Unknown Source)&#10;	at org.openqa.selenium.remote.http.Filter$1.execute(Filter.java:64)&#10;	at org.openqa.selenium.netty.server.SeleniumHandler.lambda$channelRead0$0(SeleniumHandler.java:46)&#10;	at org.openqa.selenium.netty.server.SeleniumHandler$$Lambda$454/1786544690.run(Unknown Source)&#10;	at java.util.concurrent.Executors$RunnableAdapter.call(Unknown Source)&#10;	at java.util.concurrent.FutureTask.run(Unknown Source)&#10;	at java.util.concurrent.ThreadPoolExecutor.runWorker(Unknown Source)&#10;	at java.util.concurrent.ThreadPoolExecutor$Worker.run(Unknown Source)&#10;	at java.lang.Thread.run(Unknown Source)&#10;" type="org.openqa.selenium.SessionNotCreatedException"><![CDATA[org.openqa.selenium.SessionNotCreatedException: 
Unable to find provider for session: Capabilities {}
Build info: version: '4.0.0-alpha-6', revision: '5f43a29cfc'
System info: host: 'LAPTOP-7VMSTSG7', ip: '192.168.43.226', os.name: 'Windows 8.1', os.arch: 'amd64', os.version: '6.3', java.version: '1.8.0_51'
Driver info: driver.version: unknown
Build info: version: '4.0.0-alpha-5', revision: 'b3a0d621cc'
System info: host: 'LAPTOP-7VMSTSG7', ip: '192.168.43.226', os.name: 'Windows 8.1', os.arch: 'amd64', os.version: '6.3', java.version: '1.8.0_51'
Driver info: driver.version: ZohoDriver
remote stacktrace: org.openqa.selenium.SessionNotCreatedException: Unable to find provider for session: Capabilities {}
Build info: version: '4.0.0-alpha-6', revision: '5f43a29cfc'
System info: host: 'LAPTOP-7VMSTSG7', ip: '192.168.43.226', os.name: 'Windows 8.1', os.arch: 'amd64', os.version: '6.3', java.version: '1.8.0_51'
Driver info: driver.version: unknown
	at org.openqa.selenium.grid.distributor.local.LocalDistributor.lambda$newSession$4(LocalDistributor.java:167)
	at org.openqa.selenium.grid.distributor.local.LocalDistributor$$Lambda$638/1581273261.get(Unknown Source)
	at java.util.Optional.orElseThrow(Unknown Source)
	at org.openqa.selenium.grid.distributor.local.LocalDistributor.newSession(LocalDistributor.java:161)
	at org.openqa.selenium.grid.distributor.Distributor.lambda$new$0(Distributor.java:88)
	at org.openqa.selenium.grid.distributor.Distributor$$Lambda$484/1184870822.execute(Unknown Source)
	at org.openqa.selenium.remote.http.Route$TemplatizedRoute.handle(Route.java:183)
	at org.openqa.selenium.remote.http.Route.execute(Route.java:67)
	at org.openqa.selenium.remote.http.Route$CombinedRoute.handle(Route.java:327)
	at org.openqa.selenium.remote.http.Route.execute(Route.java:67)
	at org.openqa.selenium.grid.distributor.Distributor.execute(Distributor.java:123)
	at org.openqa.selenium.remote.tracing.SpanWrappedHttpHandler.execute(SpanWrappedHttpHandler.java:75)
	at org.openqa.selenium.remote.http.Filter$1.execute(Filter.java:64)
	at org.openqa.selenium.remote.http.Route$CombinedRoute.handle(Route.java:327)
	at org.openqa.selenium.remote.http.Route.execute(Route.java:67)
	at org.openqa.selenium.grid.router.Router.execute(Router.java:67)
	at org.openqa.selenium.remote.http.Route$CombinedRoute.handle(Route.java:327)
	at org.openqa.selenium.remote.http.Route.execute(Route.java:67)
	at org.openqa.selenium.grid.server.AddWebDriverSpecHeaders.lambda$apply$0(AddWebDriverSpecHeaders.java:30)
	at org.openqa.selenium.grid.server.AddWebDriverSpecHeaders$$Lambda$456/980476445.execute(Unknown Source)
	at org.openqa.selenium.grid.server.WrapExceptions.lambda$apply$0(WrapExceptions.java:36)
	at org.openqa.selenium.grid.server.WrapExceptions$$Lambda$458/2068703270.execute(Unknown Source)
	at org.openqa.selenium.remote.http.Filter$1.execute(Filter.java:64)
	at org.openqa.selenium.netty.server.SeleniumHandler.lambda$channelRead0$0(SeleniumHandler.java:46)
	at org.openqa.selenium.netty.server.SeleniumHandler$$Lambda$454/1786544690.run(Unknown Source)
	at java.util.concurrent.Executors$RunnableAdapter.call(Unknown Source)
	at java.util.concurrent.FutureTask.run(Unknown Source)
	at java.util.concurrent.ThreadPoolExecutor.runWorker(Unknown Source)
	at java.util.concurrent.ThreadPoolExecutor$Worker.run(Unknown Source)
	at java.lang.Thread.run(Unknown Source)

	at com.zoho.suite.testcases.login.LoginTest.loginTest(LoginTest.java:65)
]]></failure>
  </testcase>
</testsuite>