-------------------------------------------------------------------------------
Test set: TestSuite
-------------------------------------------------------------------------------
Tests run: 3, Failures: 2, Errors: 0, Skipped: 0, Time elapsed: 3.264 s <<< FAILURE! - in TestSuite
com.zoho.suite.testcases.creation.CreateLeadTest.CreateTaskTest  Time elapsed: 1.461 s  <<< FAILURE!
org.openqa.selenium.SessionNotCreatedException: 
Unable to find provider for session: Capabilities {}
Build info: version: '4.0.0-alpha-6', revision: '5f43a29cfc'
System info: host: 'LAPTOP-7VMSTSG7', ip: '192.168.43.226', os.name: 'Windows 8.1', os.arch: 'amd64', os.version: '6.3', java.version: '1.8.0_51'
Driver info: driver.version: unknown
Build info: version: '4.0.0-alpha-5', revision: 'b3a0d621cc'
System info: host: 'LAPTOP-7VMSTSG7', ip: '192.168.43.226', os.name: 'Windows 8.1', os.arch: 'amd64', os.version: '6.3', java.version: '1.8.0_51'
Driver info: driver.version: ZohoDriver
remote stacktrace: org.openqa.selenium.SessionNotCreatedException: Unable to find provider for session: Capabilities {}
Build info: version: '4.0.0-alpha-6', revision: '5f43a29cfc'
System info: host: 'LAPTOP-7VMSTSG7', ip: '192.168.43.226', os.name: 'Windows 8.1', os.arch: 'amd64', os.version: '6.3', java.version: '1.8.0_51'
Driver info: driver.version: unknown
	at org.openqa.selenium.grid.distributor.local.LocalDistributor.lambda$newSession$4(LocalDistributor.java:167)
	at org.openqa.selenium.grid.distributor.local.LocalDistributor$$Lambda$638/1581273261.get(Unknown Source)
	at java.util.Optional.orElseThrow(Unknown Source)
	at org.openqa.selenium.grid.distributor.local.LocalDistributor.newSession(LocalDistributor.java:161)
	at org.openqa.selenium.grid.distributor.Distributor.lambda$new$0(Distributor.java:88)
	at org.openqa.selenium.grid.distributor.Distributor$$Lambda$484/1184870822.execute(Unknown Source)
	at org.openqa.selenium.remote.http.Route$TemplatizedRoute.handle(Route.java:183)
	at org.openqa.selenium.remote.http.Route.execute(Route.java:67)
	at org.openqa.selenium.remote.http.Route$CombinedRoute.handle(Route.java:327)
	at org.openqa.selenium.remote.http.Route.execute(Route.java:67)
	at org.openqa.selenium.grid.distributor.Distributor.execute(Distributor.java:123)
	at org.openqa.selenium.remote.tracing.SpanWrappedHttpHandler.execute(SpanWrappedHttpHandler.java:75)
	at org.openqa.selenium.remote.http.Filter$1.execute(Filter.java:64)
	at org.openqa.selenium.remote.http.Route$CombinedRoute.handle(Route.java:327)
	at org.openqa.selenium.remote.http.Route.execute(Route.java:67)
	at org.openqa.selenium.grid.router.Router.execute(Router.java:67)
	at org.openqa.selenium.remote.http.Route$CombinedRoute.handle(Route.java:327)
	at org.openqa.selenium.remote.http.Route.execute(Route.java:67)
	at org.openqa.selenium.grid.server.AddWebDriverSpecHeaders.lambda$apply$0(AddWebDriverSpecHeaders.java:30)
	at org.openqa.selenium.grid.server.AddWebDriverSpecHeaders$$Lambda$456/980476445.execute(Unknown Source)
	at org.openqa.selenium.grid.server.WrapExceptions.lambda$apply$0(WrapExceptions.java:36)
	at org.openqa.selenium.grid.server.WrapExceptions$$Lambda$458/2068703270.execute(Unknown Source)
	at org.openqa.selenium.remote.http.Filter$1.execute(Filter.java:64)
	at org.openqa.selenium.netty.server.SeleniumHandler.lambda$channelRead0$0(SeleniumHandler.java:46)
	at org.openqa.selenium.netty.server.SeleniumHandler$$Lambda$454/1786544690.run(Unknown Source)
	at java.util.concurrent.Executors$RunnableAdapter.call(Unknown Source)
	at java.util.concurrent.FutureTask.run(Unknown Source)
	at java.util.concurrent.ThreadPoolExecutor.runWorker(Unknown Source)
	at java.util.concurrent.ThreadPoolExecutor$Worker.run(Unknown Source)
	at java.lang.Thread.run(Unknown Source)

	at com.zoho.suite.testcases.creation.CreateLeadTest.CreateTaskTest(CreateLeadTest.java:51)

com.zoho.suite.testcases.login.LoginTest.loginTest  Time elapsed: 1.462 s  <<< FAILURE!
org.openqa.selenium.SessionNotCreatedException: 
Unable to find provider for session: Capabilities {}
Build info: version: '4.0.0-alpha-6', revision: '5f43a29cfc'
System info: host: 'LAPTOP-7VMSTSG7', ip: '192.168.43.226', os.name: 'Windows 8.1', os.arch: 'amd64', os.version: '6.3', java.version: '1.8.0_51'
Driver info: driver.version: unknown
Build info: version: '4.0.0-alpha-5', revision: 'b3a0d621cc'
System info: host: 'LAPTOP-7VMSTSG7', ip: '192.168.43.226', os.name: 'Windows 8.1', os.arch: 'amd64', os.version: '6.3', java.version: '1.8.0_51'
Driver info: driver.version: ZohoDriver
remote stacktrace: org.openqa.selenium.SessionNotCreatedException: Unable to find provider for session: Capabilities {}
Build info: version: '4.0.0-alpha-6', revision: '5f43a29cfc'
System info: host: 'LAPTOP-7VMSTSG7', ip: '192.168.43.226', os.name: 'Windows 8.1', os.arch: 'amd64', os.version: '6.3', java.version: '1.8.0_51'
Driver info: driver.version: unknown
	at org.openqa.selenium.grid.distributor.local.LocalDistributor.lambda$newSession$4(LocalDistributor.java:167)
	at org.openqa.selenium.grid.distributor.local.LocalDistributor$$Lambda$638/1581273261.get(Unknown Source)
	at java.util.Optional.orElseThrow(Unknown Source)
	at org.openqa.selenium.grid.distributor.local.LocalDistributor.newSession(LocalDistributor.java:161)
	at org.openqa.selenium.grid.distributor.Distributor.lambda$new$0(Distributor.java:88)
	at org.openqa.selenium.grid.distributor.Distributor$$Lambda$484/1184870822.execute(Unknown Source)
	at org.openqa.selenium.remote.http.Route$TemplatizedRoute.handle(Route.java:183)
	at org.openqa.selenium.remote.http.Route.execute(Route.java:67)
	at org.openqa.selenium.remote.http.Route$CombinedRoute.handle(Route.java:327)
	at org.openqa.selenium.remote.http.Route.execute(Route.java:67)
	at org.openqa.selenium.grid.distributor.Distributor.execute(Distributor.java:123)
	at org.openqa.selenium.remote.tracing.SpanWrappedHttpHandler.execute(SpanWrappedHttpHandler.java:75)
	at org.openqa.selenium.remote.http.Filter$1.execute(Filter.java:64)
	at org.openqa.selenium.remote.http.Route$CombinedRoute.handle(Route.java:327)
	at org.openqa.selenium.remote.http.Route.execute(Route.java:67)
	at org.openqa.selenium.grid.router.Router.execute(Router.java:67)
	at org.openqa.selenium.remote.http.Route$CombinedRoute.handle(Route.java:327)
	at org.openqa.selenium.remote.http.Route.execute(Route.java:67)
	at org.openqa.selenium.grid.server.AddWebDriverSpecHeaders.lambda$apply$0(AddWebDriverSpecHeaders.java:30)
	at org.openqa.selenium.grid.server.AddWebDriverSpecHeaders$$Lambda$456/980476445.execute(Unknown Source)
	at org.openqa.selenium.grid.server.WrapExceptions.lambda$apply$0(WrapExceptions.java:36)
	at org.openqa.selenium.grid.server.WrapExceptions$$Lambda$458/2068703270.execute(Unknown Source)
	at org.openqa.selenium.remote.http.Filter$1.execute(Filter.java:64)
	at org.openqa.selenium.netty.server.SeleniumHandler.lambda$channelRead0$0(SeleniumHandler.java:46)
	at org.openqa.selenium.netty.server.SeleniumHandler$$Lambda$454/1786544690.run(Unknown Source)
	at java.util.concurrent.Executors$RunnableAdapter.call(Unknown Source)
	at java.util.concurrent.FutureTask.run(Unknown Source)
	at java.util.concurrent.ThreadPoolExecutor.runWorker(Unknown Source)
	at java.util.concurrent.ThreadPoolExecutor$Worker.run(Unknown Source)
	at java.lang.Thread.run(Unknown Source)

	at com.zoho.suite.testcases.login.LoginTest.loginTest(LoginTest.java:65)

