<?xml version="1.0" encoding="UTF-8"?>
<testng-results skipped="0" failed="2" ignored="0" total="3" passed="1">
  <reporter-output>
  </reporter-output>
  <suite name="LoginSuite" duration-ms="570" started-at="2020-06-14T11:24:43 IST" finished-at="2020-06-14T11:24:44 IST">
    <groups>
    </groups>
    <test name="Login Test" duration-ms="570" started-at="2020-06-14T11:24:43 IST" finished-at="2020-06-14T11:24:44 IST">
      <class name="com.zoho.suite.testcases.login.LoginTest">
        <test-method status="PASS" signature="init(org.testng.ITestResult)[pri:0, instance:com.zoho.suite.testcases.login.LoginTest@6c6cb480]" name="init" is-config="true" duration-ms="169" started-at="2020-06-14T11:24:43 IST" finished-at="2020-06-14T11:24:43 IST">
          <params>
            <param index="0">
              <value>
                <![CDATA[[TestResult name={null} status=CREATED method=LoginTest.loginTest(java.util.Hashtable)[pri:0, instance:com.zoho.suite.testcases.login.LoginTest@6c6cb480] output={null}]]]>
              </value>
            </param>
          </params>
          <reporter-output>
          </reporter-output>
        </test-method> <!-- init -->
        <test-method status="FAIL" signature="loginTest(java.util.Hashtable)[pri:0, instance:com.zoho.suite.testcases.login.LoginTest@6c6cb480]" name="loginTest" duration-ms="16" started-at="2020-06-14T11:24:43 IST" data-provider="getData" finished-at="2020-06-14T11:24:43 IST">
          <params>
            <param index="0">
              <value>
                <![CDATA[{Username=shivanitakale10@gmail.com, RunMode=Y, Password=Fast@1104, PasswordValid=Y, UsernameValid=Y, Browser=Firefox}]]>
              </value>
            </param>
          </params>
          <exception class="java.lang.NullPointerException">
            <full-stacktrace>
              <![CDATA[java.lang.NullPointerException
at com.zoho.web.ZohoDriver.navigate(ZohoDriver.java:81)
at com.zoho.base.normalpage.LaunchPage.gotoHomePage(LaunchPage.java:26)
at com.zoho.suite.testcases.login.LoginTest.loginTest(LoginTest.java:66)
at sun.reflect.NativeMethodAccessorImpl.invoke0(Native Method)
at sun.reflect.NativeMethodAccessorImpl.invoke(NativeMethodAccessorImpl.java:62)
at sun.reflect.DelegatingMethodAccessorImpl.invoke(DelegatingMethodAccessorImpl.java:43)
at java.lang.reflect.Method.invoke(Method.java:497)
at org.testng.internal.MethodInvocationHelper.invokeMethod(MethodInvocationHelper.java:133)
at org.testng.internal.TestInvoker.invokeMethod(TestInvoker.java:584)
at org.testng.internal.TestInvoker.invokeTestMethod(TestInvoker.java:172)
at org.testng.internal.MethodRunner.runInSequence(MethodRunner.java:46)
at org.testng.internal.TestInvoker$MethodInvocationAgent.invoke(TestInvoker.java:804)
at org.testng.internal.TestInvoker.invokeTestMethods(TestInvoker.java:145)
at org.testng.internal.TestMethodWorker.invokeTestMethods(TestMethodWorker.java:146)
at org.testng.internal.TestMethodWorker.run(TestMethodWorker.java:128)
at org.testng.TestRunner$$Lambda$54/2082564899.accept(Unknown Source)
at java.util.ArrayList.forEach(ArrayList.java:1249)
at org.testng.TestRunner.privateRun(TestRunner.java:770)
at org.testng.TestRunner.run(TestRunner.java:591)
at org.testng.SuiteRunner.runTest(SuiteRunner.java:402)
at org.testng.SuiteRunner.runSequentially(SuiteRunner.java:396)
at org.testng.SuiteRunner.privateRun(SuiteRunner.java:355)
at org.testng.SuiteRunner.run(SuiteRunner.java:304)
at org.testng.SuiteRunnerWorker.runSuite(SuiteRunnerWorker.java:53)
at org.testng.SuiteRunnerWorker.run(SuiteRunnerWorker.java:96)
at java.util.concurrent.ThreadPoolExecutor.runWorker(ThreadPoolExecutor.java:1142)
at java.util.concurrent.ThreadPoolExecutor$Worker.run(ThreadPoolExecutor.java:617)
at java.lang.Thread.run(Thread.java:745)
]]>
            </full-stacktrace>
          </exception> <!-- java.lang.NullPointerException -->
          <reporter-output>
          </reporter-output>
        </test-method> <!-- loginTest -->
        <test-method status="PASS" signature="quit()[pri:0, instance:com.zoho.suite.testcases.login.LoginTest@6c6cb480]" name="quit" is-config="true" duration-ms="285" started-at="2020-06-14T11:24:43 IST" finished-at="2020-06-14T11:24:44 IST">
          <reporter-output>
          </reporter-output>
        </test-method> <!-- quit -->
      </class> <!-- com.zoho.suite.testcases.login.LoginTest -->
    </test> <!-- Login Test -->
  </suite> <!-- LoginSuite -->
  <suite name="CreationSuite" duration-ms="617" started-at="2020-06-14T11:24:43 IST" finished-at="2020-06-14T11:24:44 IST">
    <groups>
    </groups>
    <test name="Delete Lead" duration-ms="532" started-at="2020-06-14T11:24:43 IST" finished-at="2020-06-14T11:24:44 IST">
      <class name="com.zoho.suite.testcases.creation.CreateTask">
        <test-method status="PASS" signature="init(org.testng.ITestResult)[pri:0, instance:com.zoho.suite.testcases.creation.CreateTask@76505305]" name="init" is-config="true" duration-ms="169" started-at="2020-06-14T11:24:43 IST" finished-at="2020-06-14T11:24:43 IST">
          <params>
            <param index="0">
              <value>
                <![CDATA[[TestResult name={null} status=CREATED method=CreateTask.createLeadTest(java.util.Hashtable)[pri:0, instance:com.zoho.suite.testcases.creation.CreateTask@76505305] output={null}]]]>
              </value>
            </param>
          </params>
          <reporter-output>
          </reporter-output>
        </test-method> <!-- init -->
        <test-method status="PASS" signature="createLeadTest(java.util.Hashtable)[pri:0, instance:com.zoho.suite.testcases.creation.CreateTask@76505305]" name="createLeadTest" duration-ms="0" started-at="2020-06-14T11:24:43 IST" data-provider="getData" finished-at="2020-06-14T11:24:43 IST">
          <params>
            <param index="0">
              <value>
                <![CDATA[{RunMode=Y, Lead_Company=Shelby Pvt, Lead_Name=Thomas Shelby, Browser=Firefox}]]>
              </value>
            </param>
          </params>
          <reporter-output>
          </reporter-output>
        </test-method> <!-- createLeadTest -->
        <test-method status="PASS" signature="quit()[pri:0, instance:com.zoho.suite.testcases.creation.CreateTask@76505305]" name="quit" is-config="true" duration-ms="232" started-at="2020-06-14T11:24:43 IST" finished-at="2020-06-14T11:24:44 IST">
          <reporter-output>
          </reporter-output>
        </test-method> <!-- quit -->
      </class> <!-- com.zoho.suite.testcases.creation.CreateTask -->
    </test> <!-- Delete Lead -->
    <test name="CreateLead" duration-ms="617" started-at="2020-06-14T11:24:43 IST" finished-at="2020-06-14T11:24:44 IST">
      <class name="com.zoho.suite.testcases.creation.CreateLeadTest">
        <test-method status="PASS" signature="init(org.testng.ITestResult)[pri:0, instance:com.zoho.suite.testcases.creation.CreateLeadTest@49139829]" name="init" is-config="true" duration-ms="169" started-at="2020-06-14T11:24:43 IST" finished-at="2020-06-14T11:24:43 IST">
          <params>
            <param index="0">
              <value>
                <![CDATA[[TestResult name={null} status=CREATED method=CreateLeadTest.CreateTaskTest(java.util.Hashtable)[pri:0, instance:com.zoho.suite.testcases.creation.CreateLeadTest@49139829] output={null}]]]>
              </value>
            </param>
          </params>
          <reporter-output>
          </reporter-output>
        </test-method> <!-- init -->
        <test-method status="FAIL" signature="CreateTaskTest(java.util.Hashtable)[pri:0, instance:com.zoho.suite.testcases.creation.CreateLeadTest@49139829]" name="CreateTaskTest" duration-ms="16" started-at="2020-06-14T11:24:43 IST" data-provider="getData" finished-at="2020-06-14T11:24:43 IST">
          <params>
            <param index="0">
              <value>
                <![CDATA[{RunMode=Y, Task_Name=Thomas Shelby, Browser=Firefox}]]>
              </value>
            </param>
          </params>
          <exception class="java.lang.NullPointerException">
            <full-stacktrace>
              <![CDATA[java.lang.NullPointerException
at com.zoho.web.ZohoDriver.navigate(ZohoDriver.java:81)
at com.zoho.base.normalpage.LaunchPage.gotoHomePage(LaunchPage.java:26)
at com.zoho.suite.testcases.creation.CreateLeadTest.CreateTaskTest(CreateLeadTest.java:52)
at sun.reflect.NativeMethodAccessorImpl.invoke0(Native Method)
at sun.reflect.NativeMethodAccessorImpl.invoke(NativeMethodAccessorImpl.java:62)
at sun.reflect.DelegatingMethodAccessorImpl.invoke(DelegatingMethodAccessorImpl.java:43)
at java.lang.reflect.Method.invoke(Method.java:497)
at org.testng.internal.MethodInvocationHelper.invokeMethod(MethodInvocationHelper.java:133)
at org.testng.internal.TestInvoker.invokeMethod(TestInvoker.java:584)
at org.testng.internal.TestInvoker.invokeTestMethod(TestInvoker.java:172)
at org.testng.internal.MethodRunner.runInSequence(MethodRunner.java:46)
at org.testng.internal.TestInvoker$MethodInvocationAgent.invoke(TestInvoker.java:804)
at org.testng.internal.TestInvoker.invokeTestMethods(TestInvoker.java:145)
at org.testng.internal.TestMethodWorker.invokeTestMethods(TestMethodWorker.java:146)
at org.testng.internal.TestMethodWorker.run(TestMethodWorker.java:128)
at org.testng.TestRunner$$Lambda$54/2082564899.accept(Unknown Source)
at java.util.ArrayList.forEach(ArrayList.java:1249)
at org.testng.TestRunner.privateRun(TestRunner.java:770)
at org.testng.TestRunner.run(TestRunner.java:591)
at org.testng.SuiteRunner.runTest(SuiteRunner.java:402)
at org.testng.SuiteRunner.access$000(SuiteRunner.java:41)
at org.testng.SuiteRunner$SuiteWorker.run(SuiteRunner.java:443)
at org.testng.internal.thread.ThreadUtil.lambda$execute$0(ThreadUtil.java:67)
at org.testng.internal.thread.ThreadUtil$$Lambda$40/724985809.call(Unknown Source)
at java.util.concurrent.FutureTask.run(FutureTask.java:266)
at java.util.concurrent.ThreadPoolExecutor.runWorker(ThreadPoolExecutor.java:1142)
at java.util.concurrent.ThreadPoolExecutor$Worker.run(ThreadPoolExecutor.java:617)
at java.lang.Thread.run(Thread.java:745)
]]>
            </full-stacktrace>
          </exception> <!-- java.lang.NullPointerException -->
          <reporter-output>
          </reporter-output>
        </test-method> <!-- CreateTaskTest -->
        <test-method status="PASS" signature="quit()[pri:0, instance:com.zoho.suite.testcases.creation.CreateLeadTest@49139829]" name="quit" is-config="true" duration-ms="332" started-at="2020-06-14T11:24:43 IST" finished-at="2020-06-14T11:24:44 IST">
          <reporter-output>
          </reporter-output>
        </test-method> <!-- quit -->
      </class> <!-- com.zoho.suite.testcases.creation.CreateLeadTest -->
    </test> <!-- CreateLead -->
  </suite> <!-- CreationSuite -->
</testng-results>
