<?xml version="1.0" encoding="UTF-8"?>
<!-- Generated by org.testng.reporters.JUnitXMLReporter -->
<testsuite hostname="LAPTOP-7VMSTSG7" ignored="0" name="CreateLead" tests="1" failures="1" timestamp="2020-06-14T09:39:14 IST" time="1.942" errors="0">
  <testcase name="CreateTaskTest" time="1.472" classname="com.zoho.suite.testcases.creation.CreateLeadTest">
    <failure type="org.openqa.selenium.SessionNotCreatedException" message="Unable to find provider for session: Capabilities {}
Build info: version: &amp;apos;4.0.0-alpha-6&amp;apos;, revision: &amp;apos;5f43a29cfc&amp;apos;
System info: host: &amp;apos;LAPTOP-7VMSTSG7&amp;apos;, ip: &amp;apos;192.168.43.226&amp;apos;, os.name: &amp;apos;Windows 8.1&amp;apos;, os.arch: &amp;apos;amd64&amp;apos;, os.version: &amp;apos;6.3&amp;apos;, java.version: &amp;apos;1.8.0_51&amp;apos;
Driver info: driver.version: unknown
Build info: version: &amp;apos;4.0.0-alpha-5&amp;apos;, revision: &amp;apos;b3a0d621cc&amp;apos;
System info: host: &amp;apos;LAPTOP-7VMSTSG7&amp;apos;, ip: &amp;apos;192.168.43.226&amp;apos;, os.name: &amp;apos;Windows 8.1&amp;apos;, os.arch: &amp;apos;amd64&amp;apos;, os.version: &amp;apos;6.3&amp;apos;, java.version: &amp;apos;1.8.0_51&amp;apos;
Driver info: driver.version: ZohoDriver
remote stacktrace: org.openqa.selenium.SessionNotCreatedException: Unable to find provider for session: Capabilities {}
Build info: version: &amp;apos;4.0.0-alpha-6&amp;apos;, revision: &amp;apos;5f43a29cfc&amp;apos;
System info: host: &amp;apos;LAPTOP-7VMSTSG7&amp;apos;, ip: &amp;apos;192.168.43.226&amp;apos;, os.name: &amp;apos;Windows 8.1&amp;apos;, os.arch: &amp;apos;amd64&amp;apos;, os.version: &amp;apos;6.3&amp;apos;, java.version: &amp;apos;1.8.0_51&amp;apos;
Driver info: driver.version: unknown
	at org.openqa.selenium.grid.distributor.local.LocalDistributor.lambda$newSession$4(LocalDistributor.java:167)
	at org.openqa.selenium.grid.distributor.local.LocalDistributor$$Lambda$638/1581273261.get(Unknown Source)
	at java.util.Optional.orElseThrow(Unknown Source)
	at org.openqa.selenium.grid.distributor.local.LocalDistributor.newSession(LocalDistributor.java:161)
	at org.openqa.selenium.grid.distributor.Distributor.lambda$new$0(Distributor.java:88)
	at org.openqa.selenium.grid.distributor.Distributor$$Lambda$484/1184870822.execute(Unknown Source)
	at org.openqa.selenium.remote.http.Route$TemplatizedRoute.handle(Route.java:183)
	at org.openqa.selenium.remote.http.Route.execute(Route.java:67)
	at org.openqa.selenium.remote.http.Route$CombinedRoute.handle(Route.java:327)
	at org.openqa.selenium.remote.http.Route.execute(Route.java:67)
	at org.openqa.selenium.grid.distributor.Distributor.execute(Distributor.java:123)
	at org.openqa.selenium.remote.tracing.SpanWrappedHttpHandler.execute(SpanWrappedHttpHandler.java:75)
	at org.openqa.selenium.remote.http.Filter$1.execute(Filter.java:64)
	at org.openqa.selenium.remote.http.Route$CombinedRoute.handle(Route.java:327)
	at org.openqa.selenium.remote.http.Route.execute(Route.java:67)
	at org.openqa.selenium.grid.router.Router.execute(Router.java:67)
	at org.openqa.selenium.remote.http.Route$CombinedRoute.handle(Route.java:327)
	at org.openqa.selenium.remote.http.Route.execute(Route.java:67)
	at org.openqa.selenium.grid.server.AddWebDriverSpecHeaders.lambda$apply$0(AddWebDriverSpecHeaders.java:30)
	at org.openqa.selenium.grid.server.AddWebDriverSpecHeaders$$Lambda$456/980476445.execute(Unknown Source)
	at org.openqa.selenium.grid.server.WrapExceptions.lambda$apply$0(WrapExceptions.java:36)
	at org.openqa.selenium.grid.server.WrapExceptions$$Lambda$458/2068703270.execute(Unknown Source)
	at org.openqa.selenium.remote.http.Filter$1.execute(Filter.java:64)
	at org.openqa.selenium.netty.server.SeleniumHandler.lambda$channelRead0$0(SeleniumHandler.java:46)
	at org.openqa.selenium.netty.server.SeleniumHandler$$Lambda$454/1786544690.run(Unknown Source)
	at java.util.concurrent.Executors$RunnableAdapter.call(Unknown Source)
	at java.util.concurrent.FutureTask.run(Unknown Source)
	at java.util.concurrent.ThreadPoolExecutor.runWorker(Unknown Source)
	at java.util.concurrent.ThreadPoolExecutor$Worker.run(Unknown Source)
	at java.lang.Thread.run(Unknown Source)
">
      <![CDATA[org.openqa.selenium.SessionNotCreatedException: Unable to find provider for session: Capabilities {}
Build info: version: '4.0.0-alpha-6', revision: '5f43a29cfc'
System info: host: 'LAPTOP-7VMSTSG7', ip: '192.168.43.226', os.name: 'Windows 8.1', os.arch: 'amd64', os.version: '6.3', java.version: '1.8.0_51'
Driver info: driver.version: unknown
Build info: version: '4.0.0-alpha-5', revision: 'b3a0d621cc'
System info: host: 'LAPTOP-7VMSTSG7', ip: '192.168.43.226', os.name: 'Windows 8.1', os.arch: 'amd64', os.version: '6.3', java.version: '1.8.0_51'
Driver info: driver.version: ZohoDriver
remote stacktrace: org.openqa.selenium.SessionNotCreatedException: Unable to find provider for session: Capabilities {}
Build info: version: '4.0.0-alpha-6', revision: '5f43a29cfc'
System info: host: 'LAPTOP-7VMSTSG7', ip: '192.168.43.226', os.name: 'Windows 8.1', os.arch: 'amd64', os.version: '6.3', java.version: '1.8.0_51'
Driver info: driver.version: unknown
at org.openqa.selenium.grid.distributor.local.LocalDistributor.lambda$newSession$4(LocalDistributor.java:167)
at org.openqa.selenium.grid.distributor.local.LocalDistributor$$Lambda$638/1581273261.get(Unknown Source)
at java.util.Optional.orElseThrow(Unknown Source)
at org.openqa.selenium.grid.distributor.local.LocalDistributor.newSession(LocalDistributor.java:161)
at org.openqa.selenium.grid.distributor.Distributor.lambda$new$0(Distributor.java:88)
at org.openqa.selenium.grid.distributor.Distributor$$Lambda$484/1184870822.execute(Unknown Source)
at org.openqa.selenium.remote.http.Route$TemplatizedRoute.handle(Route.java:183)
at org.openqa.selenium.remote.http.Route.execute(Route.java:67)
at org.openqa.selenium.remote.http.Route$CombinedRoute.handle(Route.java:327)
at org.openqa.selenium.remote.http.Route.execute(Route.java:67)
at org.openqa.selenium.grid.distributor.Distributor.execute(Distributor.java:123)
at org.openqa.selenium.remote.tracing.SpanWrappedHttpHandler.execute(SpanWrappedHttpHandler.java:75)
at org.openqa.selenium.remote.http.Filter$1.execute(Filter.java:64)
at org.openqa.selenium.remote.http.Route$CombinedRoute.handle(Route.java:327)
at org.openqa.selenium.remote.http.Route.execute(Route.java:67)
at org.openqa.selenium.grid.router.Router.execute(Router.java:67)
at org.openqa.selenium.remote.http.Route$CombinedRoute.handle(Route.java:327)
at org.openqa.selenium.remote.http.Route.execute(Route.java:67)
at org.openqa.selenium.grid.server.AddWebDriverSpecHeaders.lambda$apply$0(AddWebDriverSpecHeaders.java:30)
at org.openqa.selenium.grid.server.AddWebDriverSpecHeaders$$Lambda$456/980476445.execute(Unknown Source)
at org.openqa.selenium.grid.server.WrapExceptions.lambda$apply$0(WrapExceptions.java:36)
at org.openqa.selenium.grid.server.WrapExceptions$$Lambda$458/2068703270.execute(Unknown Source)
at org.openqa.selenium.remote.http.Filter$1.execute(Filter.java:64)
at org.openqa.selenium.netty.server.SeleniumHandler.lambda$channelRead0$0(SeleniumHandler.java:46)
at org.openqa.selenium.netty.server.SeleniumHandler$$Lambda$454/1786544690.run(Unknown Source)
at java.util.concurrent.Executors$RunnableAdapter.call(Unknown Source)
at java.util.concurrent.FutureTask.run(Unknown Source)
at java.util.concurrent.ThreadPoolExecutor.runWorker(Unknown Source)
at java.util.concurrent.ThreadPoolExecutor$Worker.run(Unknown Source)
at java.lang.Thread.run(Unknown Source)

at org.openqa.selenium.remote.W3CHandshakeResponse.lambda$errorHandler$0(W3CHandshakeResponse.java:62)
at org.openqa.selenium.remote.W3CHandshakeResponse$$Lambda$494/1811125173.apply(Unknown Source)
at org.openqa.selenium.remote.HandshakeResponse.lambda$getResponseFunction$0(HandshakeResponse.java:30)
at org.openqa.selenium.remote.HandshakeResponse$$Lambda$488/1856944920.apply(Unknown Source)
at org.openqa.selenium.remote.ProtocolHandshake.lambda$createSession$1(ProtocolHandshake.java:126)
at org.openqa.selenium.remote.ProtocolHandshake$$Lambda$490/772408264.apply(Unknown Source)
at java.util.stream.ReferencePipeline$3$1.accept(ReferencePipeline.java:193)
at java.util.Spliterators$ArraySpliterator.tryAdvance(Spliterators.java:958)
at java.util.stream.ReferencePipeline.forEachWithCancel(ReferencePipeline.java:126)
at java.util.stream.AbstractPipeline.copyIntoWithCancel(AbstractPipeline.java:529)
at java.util.stream.AbstractPipeline.copyInto(AbstractPipeline.java:516)
at java.util.stream.AbstractPipeline.wrapAndCopyInto(AbstractPipeline.java:502)
at java.util.stream.FindOps$FindOp.evaluateSequential(FindOps.java:152)
at java.util.stream.AbstractPipeline.evaluate(AbstractPipeline.java:234)
at java.util.stream.ReferencePipeline.findFirst(ReferencePipeline.java:464)
at org.openqa.selenium.remote.ProtocolHandshake.createSession(ProtocolHandshake.java:128)
at org.openqa.selenium.remote.ProtocolHandshake.createSession(ProtocolHandshake.java:75)
at org.openqa.selenium.remote.HttpCommandExecutor.execute(HttpCommandExecutor.java:139)
at org.openqa.selenium.remote.RemoteWebDriver.execute(RemoteWebDriver.java:582)
at org.openqa.selenium.remote.RemoteWebDriver.startSession(RemoteWebDriver.java:216)
at org.openqa.selenium.remote.RemoteWebDriver.<init>(RemoteWebDriver.java:136)
at org.openqa.selenium.remote.RemoteWebDriver.<init>(RemoteWebDriver.java:149)
at com.zoho.web.ZohoDriver.opneBrowser(ZohoDriver.java:49)
at com.zoho.base.normalpage.LaunchPage.openBrowser(LaunchPage.java:19)
at com.zoho.suite.testcases.creation.CreateLeadTest.CreateTaskTest(CreateLeadTest.java:51)
at java.util.ArrayList.forEach(ArrayList.java:1249)
at java.util.concurrent.FutureTask.run(FutureTask.java:266)
at java.util.concurrent.ThreadPoolExecutor.runWorker(ThreadPoolExecutor.java:1142)
at java.util.concurrent.ThreadPoolExecutor$Worker.run(ThreadPoolExecutor.java:617)
at java.lang.Thread.run(Thread.java:745)
... Removed 24 stack frames]]>
    </failure>
  </testcase> <!-- CreateTaskTest -->
</testsuite> <!-- CreateLead -->
