# JRE version: Java(TM) SE Runtime Environment (8.0_51-b16) (build 1.8.0_51-b16)
# Java VM: Java HotSpot(TM) 64-Bit Server VM (25.51-b03 mixed mode windows-amd64 compressed oops)
Heap:
 PSYoungGen      total 39424K, used 6862K [0x00000000d5f00000, 0x00000000daf00000, 0x0000000100000000)
  eden space 32768K, 20% used [0x00000000d5f00000,0x00000000d65b3848,0x00000000d7f00000)
  from space 6656K, 0% used [0x00000000da880000,0x00000000da880000,0x00000000daf00000)
  to   space 8192K, 0% used [0x00000000d9f00000,0x00000000d9f00000,0x00000000da700000)
 ParOldGen       total 66560K, used 22573K [0x0000000081c00000, 0x0000000085d00000, 0x00000000d5f00000)
  object space 66560K, 33% used [0x0000000081c00000,0x000000008320b490,0x0000000085d00000)
 Metaspace       used 20700K, capacity 21580K, committed 21936K, reserved 1069056K
  class space    used 2477K, capacity 2718K, committed 2816K, reserved 1048576K
GC Heap History (10 events):
Event: 2.521 GC heap before
{Heap before GC invocations=3 (full 0):
 PSYoungGen      total 38400K, used 37314K [0x00000000d5f00000, 0x00000000d8980000, 0x0000000100000000)
  eden space 33280K, 100% used [0x00000000d5f00000,0x00000000d7f80000,0x00000000d7f80000)
  from space 5120K, 78% used [0x00000000d8480000,0x00000000d8870ba8,0x00000000d8980000)
  to   space 5120K, 0% used [0x00000000d7f80000,0x00000000d7f80000,0x00000000d8480000)
 ParOldGen       total 87552K, used 24K [0x0000000081c00000, 0x0000000087180000, 0x00000000d5f00000)
  object space 87552K, 0% used [0x0000000081c00000,0x0000000081c06000,0x0000000087180000)
 Metaspace       used 14185K, capacity 14476K, committed 14720K, reserved 1062912K
  class space    used 1527K, capacity 1624K, committed 1664K, reserved 1048576K
Event: 2.530 GC heap after
Heap after GC invocations=3 (full 0):
 PSYoungGen      total 38400K, used 5094K [0x00000000d5f00000, 0x00000000d8980000, 0x0000000100000000)
  eden space 33280K, 0% used [0x00000000d5f00000,0x00000000d5f00000,0x00000000d7f80000)
  from space 5120K, 99% used [0x00000000d7f80000,0x00000000d8479870,0x00000000d8480000)
  to   space 5120K, 0% used [0x00000000d8480000,0x00000000d8480000,0x00000000d8980000)
 ParOldGen       total 87552K, used 1396K [0x0000000081c00000, 0x0000000087180000, 0x00000000d5f00000)
  object space 87552K, 1% used [0x0000000081c00000,0x0000000081d5d150,0x0000000087180000)
 Metaspace       used 14185K, capacity 14476K, committed 14720K, reserved 1062912K
  class space    used 1527K, capacity 1624K, committed 1664K, reserved 1048576K
}
Event: 3.470 GC heap before
{Heap before GC invocations=4 (full 0):
 PSYoungGen      total 38400K, used 38374K [0x00000000d5f00000, 0x00000000d8980000, 0x0000000100000000)
  eden space 33280K, 100% used [0x00000000d5f00000,0x00000000d7f80000,0x00000000d7f80000)
  from space 5120K, 99% used [0x00000000d7f80000,0x00000000d8479870,0x00000000d8480000)
  to   space 5120K, 0% used [0x00000000d8480000,0x00000000d8480000,0x00000000d8980000)
 ParOldGen       total 87552K, used 1396K [0x0000000081c00000, 0x0000000087180000, 0x00000000d5f00000)
  object space 87552K, 1% used [0x0000000081c00000,0x0000000081d5d150,0x0000000087180000)
 Metaspace       used 16867K, capacity 17632K, committed 17792K, reserved 1064960K
  class space    used 1956K, capacity 2158K, committed 2176K, reserved 1048576K
Event: 3.477 GC heap after
Heap after GC invocations=4 (full 0):
 PSYoungGen      total 38400K, used 5105K [0x00000000d5f00000, 0x00000000d8980000, 0x0000000100000000)
  eden space 33280K, 0% used [0x00000000d5f00000,0x00000000d5f00000,0x00000000d7f80000)
  from space 5120K, 99% used [0x00000000d8480000,0x00000000d897c6f8,0x00000000d8980000)
  to   space 5120K, 0% used [0x00000000d7f80000,0x00000000d7f80000,0x00000000d8480000)
 ParOldGen       total 87552K, used 2994K [0x0000000081c00000, 0x0000000087180000, 0x00000000d5f00000)
  object space 87552K, 3% used [0x0000000081c00000,0x0000000081eec8e0,0x0000000087180000)
 Metaspace       used 16867K, capacity 17632K, committed 17792K, reserved 1064960K
  class space    used 1956K, capacity 2158K, committed 2176K, reserved 1048576K
}
Event: 4.076 GC heap before
{Heap before GC invocations=5 (full 0):
 PSYoungGen      total 38400K, used 38385K [0x00000000d5f00000, 0x00000000d8980000, 0x0000000100000000)
  eden space 33280K, 100% used [0x00000000d5f00000,0x00000000d7f80000,0x00000000d7f80000)
  from space 5120K, 99% used [0x00000000d8480000,0x00000000d897c6f8,0x00000000d8980000)
  to   space 5120K, 0% used [0x00000000d7f80000,0x00000000d7f80000,0x00000000d8480000)
 ParOldGen       total 87552K, used 2994K [0x0000000081c00000, 0x0000000087180000, 0x00000000d5f00000)
  object space 87552K, 3% used [0x0000000081c00000,0x0000000081eec8e0,0x0000000087180000)
 Metaspace       used 19060K, capacity 19872K, committed 19968K, reserved 1067008K
  class space    used 2272K, capacity 2494K, committed 2560K, reserved 1048576K
Event: 4.085 GC heap after
Heap after GC invocations=5 (full 0):
 PSYoungGen      total 38400K, used 5089K [0x00000000d5f00000, 0x00000000db100000, 0x0000000100000000)
  eden space 33280K, 0% used [0x00000000d5f00000,0x00000000d5f00000,0x00000000d7f80000)
  from space 5120K, 99% used [0x00000000d7f80000,0x00000000d8478728,0x00000000d8480000)
  to   space 8704K, 0% used [0x00000000da880000,0x00000000da880000,0x00000000db100000)
 ParOldGen       total 87552K, used 4846K [0x0000000081c00000, 0x0000000087180000, 0x00000000d5f00000)
  object space 87552K, 5% used [0x0000000081c00000,0x00000000820bb810,0x0000000087180000)
 Metaspace       used 19060K, capacity 19872K, committed 19968K, reserved 1067008K
  class space    used 2272K, capacity 2494K, committed 2560K, reserved 1048576K
}
Event: 39.520 GC heap before
{Heap before GC invocations=6 (full 0):
 PSYoungGen      total 38400K, used 37193K [0x00000000d5f00000, 0x00000000db100000, 0x0000000100000000)
  eden space 33280K, 96% used [0x00000000d5f00000,0x00000000d7e59e80,0x00000000d7f80000)
  from space 5120K, 99% used [0x00000000d7f80000,0x00000000d8478728,0x00000000d8480000)
  to   space 8704K, 0% used [0x00000000da880000,0x00000000da880000,0x00000000db100000)
 ParOldGen       total 87552K, used 4846K [0x0000000081c00000, 0x0000000087180000, 0x00000000d5f00000)
  object space 87552K, 5% used [0x0000000081c00000,0x00000000820bb810,0x0000000087180000)
 Metaspace       used 20428K, capacity 21236K, committed 21296K, reserved 1069056K
  class space    used 2459K, capacity 2688K, committed 2688K, reserved 1048576K
Event: 39.564 GC heap after
Heap after GC invocations=6 (full 0):
 PSYoungGen      total 39424K, used 6244K [0x00000000d5f00000, 0x00000000daf00000, 0x0000000100000000)
  eden space 32768K, 0% used [0x00000000d5f00000,0x00000000d5f00000,0x00000000d7f00000)
  from space 6656K, 93% used [0x00000000da880000,0x00000000dae99100,0x00000000daf00000)
  to   space 8192K, 0% used [0x00000000d9f00000,0x00000000d9f00000,0x00000000da700000)
 ParOldGen       total 87552K, used 21238K [0x0000000081c00000, 0x0000000087180000, 0x00000000d5f00000)
  object space 87552K, 24% used [0x0000000081c00000,0x00000000830bd820,0x0000000087180000)
 Metaspace       used 20428K, capacity 21236K, committed 21296K, reserved 1069056K
  class space    used 2459K, capacity 2688K, committed 2688K, reserved 1048576K
}
Event: 39.564 GC heap before
{Heap before GC invocations=7 (full 1):
 PSYoungGen      total 39424K, used 6244K [0x00000000d5f00000, 0x00000000daf00000, 0x0000000100000000)
  eden space 32768K, 0% used [0x00000000d5f00000,0x00000000d5f00000,0x00000000d7f00000)
  from space 6656K, 93% used [0x00000000da880000,0x00000000dae99100,0x00000000daf00000)
  to   space 8192K, 0% used [0x00000000d9f00000,0x00000000d9f00000,0x00000000da700000)
 ParOldGen       total 87552K, used 21238K [0x0000000081c00000, 0x0000000087180000, 0x00000000d5f00000)
  object space 87552K, 24% used [0x0000000081c00000,0x00000000830bd820,0x0000000087180000)
 Metaspace       used 20428K, capacity 21236K, committed 21296K, reserved 1069056K
  class space    used 2459K, capacity 2688K, committed 2688K, reserved 1048576K
Event: 39.635 GC heap after
Heap after GC invocations=7 (full 1):
 PSYoungGen      total 39424K, used 0K [0x00000000d5f00000, 0x00000000daf00000, 0x0000000100000000)
  eden space 32768K, 0% used [0x00000000d5f00000,0x00000000d5f00000,0x00000000d7f00000)
  from space 6656K, 0% used [0x00000000da880000,0x00000000da880000,0x00000000daf00000)
  to   space 8192K, 0% used [0x00000000d9f00000,0x00000000d9f00000,0x00000000da700000)
 ParOldGen       total 66560K, used 22573K [0x0000000081c00000, 0x0000000085d00000, 0x00000000d5f00000)
  object space 66560K, 33% used [0x0000000081c00000,0x000000008320b490,0x0000000085d00000)
 Metaspace       used 20425K, capacity 21228K, committed 21296K, reserved 1069056K
  class space    used 2458K, capacity 2686K, committed 2688K, reserved 1048576K
}

