# JRE version: Java(TM) SE Runtime Environment (8.0_51-b16) (build 1.8.0_51-b16)
# Java VM: Java HotSpot(TM) 64-Bit Server VM (25.51-b03 mixed mode windows-amd64 compressed oops)
Heap:
 PSYoungGen      total 39424K, used 3120K [0x00000000d5f00000, 0x00000000daf00000, 0x0000000100000000)
  eden space 32768K, 9% used [0x00000000d5f00000,0x00000000d620c078,0x00000000d7f00000)
  from space 6656K, 0% used [0x00000000da880000,0x00000000da880000,0x00000000daf00000)
  to   space 8192K, 0% used [0x00000000d9f00000,0x00000000d9f00000,0x00000000da700000)
 ParOldGen       total 76800K, used 22553K [0x0000000081c00000, 0x0000000086700000, 0x00000000d5f00000)
  object space 76800K, 29% used [0x0000000081c00000,0x0000000083206698,0x0000000086700000)
 Metaspace       used 20581K, capacity 21460K, committed 21680K, reserved 1069056K
  class space    used 2481K, capacity 2698K, committed 2816K, reserved 1048576K
GC Heap History (10 events):
Event: 2.427 GC heap before
{Heap before GC invocations=3 (full 0):
 PSYoungGen      total 38400K, used 37348K [0x00000000d5f00000, 0x00000000d8980000, 0x0000000100000000)
  eden space 33280K, 100% used [0x00000000d5f00000,0x00000000d7f80000,0x00000000d7f80000)
  from space 5120K, 79% used [0x00000000d8480000,0x00000000d8879010,0x00000000d8980000)
  to   space 5120K, 0% used [0x00000000d7f80000,0x00000000d7f80000,0x00000000d8480000)
 ParOldGen       total 87552K, used 24K [0x0000000081c00000, 0x0000000087180000, 0x00000000d5f00000)
  object space 87552K, 0% used [0x0000000081c00000,0x0000000081c06000,0x0000000087180000)
 Metaspace       used 14187K, capacity 14468K, committed 14720K, reserved 1062912K
  class space    used 1527K, capacity 1624K, committed 1664K, reserved 1048576K
Event: 2.437 GC heap after
Heap after GC invocations=3 (full 0):
 PSYoungGen      total 38400K, used 5094K [0x00000000d5f00000, 0x00000000daa00000, 0x0000000100000000)
  eden space 33280K, 0% used [0x00000000d5f00000,0x00000000d5f00000,0x00000000d7f80000)
  from space 5120K, 99% used [0x00000000d7f80000,0x00000000d8479b48,0x00000000d8480000)
  to   space 5120K, 0% used [0x00000000da500000,0x00000000da500000,0x00000000daa00000)
 ParOldGen       total 87552K, used 1399K [0x0000000081c00000, 0x0000000087180000, 0x00000000d5f00000)
  object space 87552K, 1% used [0x0000000081c00000,0x0000000081d5de50,0x0000000087180000)
 Metaspace       used 14187K, capacity 14468K, committed 14720K, reserved 1062912K
  class space    used 1527K, capacity 1624K, committed 1664K, reserved 1048576K
}
Event: 3.340 GC heap before
{Heap before GC invocations=4 (full 0):
 PSYoungGen      total 38400K, used 38374K [0x00000000d5f00000, 0x00000000daa00000, 0x0000000100000000)
  eden space 33280K, 100% used [0x00000000d5f00000,0x00000000d7f80000,0x00000000d7f80000)
  from space 5120K, 99% used [0x00000000d7f80000,0x00000000d8479b48,0x00000000d8480000)
  to   space 5120K, 0% used [0x00000000da500000,0x00000000da500000,0x00000000daa00000)
 ParOldGen       total 87552K, used 1399K [0x0000000081c00000, 0x0000000087180000, 0x00000000d5f00000)
  object space 87552K, 1% used [0x0000000081c00000,0x0000000081d5de50,0x0000000087180000)
 Metaspace       used 16876K, capacity 17624K, committed 17792K, reserved 1064960K
  class space    used 1958K, capacity 2158K, committed 2176K, reserved 1048576K
Event: 3.347 GC heap after
Heap after GC invocations=4 (full 0):
 PSYoungGen      total 38400K, used 5105K [0x00000000d5f00000, 0x00000000daa00000, 0x0000000100000000)
  eden space 33280K, 0% used [0x00000000d5f00000,0x00000000d5f00000,0x00000000d7f80000)
  from space 5120K, 99% used [0x00000000da500000,0x00000000da9fc6f8,0x00000000daa00000)
  to   space 5120K, 0% used [0x00000000d7f80000,0x00000000d7f80000,0x00000000d8480000)
 ParOldGen       total 87552K, used 3017K [0x0000000081c00000, 0x0000000087180000, 0x00000000d5f00000)
  object space 87552K, 3% used [0x0000000081c00000,0x0000000081ef24a0,0x0000000087180000)
 Metaspace       used 16876K, capacity 17624K, committed 17792K, reserved 1064960K
  class space    used 1958K, capacity 2158K, committed 2176K, reserved 1048576K
}
Event: 3.885 GC heap before
{Heap before GC invocations=5 (full 0):
 PSYoungGen      total 38400K, used 38385K [0x00000000d5f00000, 0x00000000daa00000, 0x0000000100000000)
  eden space 33280K, 100% used [0x00000000d5f00000,0x00000000d7f80000,0x00000000d7f80000)
  from space 5120K, 99% used [0x00000000da500000,0x00000000da9fc6f8,0x00000000daa00000)
  to   space 5120K, 0% used [0x00000000d7f80000,0x00000000d7f80000,0x00000000d8480000)
 ParOldGen       total 87552K, used 3017K [0x0000000081c00000, 0x0000000087180000, 0x00000000d5f00000)
  object space 87552K, 3% used [0x0000000081c00000,0x0000000081ef24a0,0x0000000087180000)
 Metaspace       used 19066K, capacity 19864K, committed 19968K, reserved 1067008K
  class space    used 2272K, capacity 2494K, committed 2560K, reserved 1048576K
Event: 3.892 GC heap after
Heap after GC invocations=5 (full 0):
 PSYoungGen      total 38400K, used 5105K [0x00000000d5f00000, 0x00000000db100000, 0x0000000100000000)
  eden space 33280K, 0% used [0x00000000d5f00000,0x00000000d5f00000,0x00000000d7f80000)
  from space 5120K, 99% used [0x00000000d7f80000,0x00000000d847c718,0x00000000d8480000)
  to   space 8704K, 0% used [0x00000000da880000,0x00000000da880000,0x00000000db100000)
 ParOldGen       total 87552K, used 4782K [0x0000000081c00000, 0x0000000087180000, 0x00000000d5f00000)
  object space 87552K, 5% used [0x0000000081c00000,0x00000000820ab900,0x0000000087180000)
 Metaspace       used 19066K, capacity 19864K, committed 19968K, reserved 1067008K
  class space    used 2272K, capacity 2494K, committed 2560K, reserved 1048576K
}
Event: 32.710 GC heap before
{Heap before GC invocations=6 (full 0):
 PSYoungGen      total 38400K, used 36098K [0x00000000d5f00000, 0x00000000db100000, 0x0000000100000000)
  eden space 33280K, 93% used [0x00000000d5f00000,0x00000000d7d440f8,0x00000000d7f80000)
  from space 5120K, 99% used [0x00000000d7f80000,0x00000000d847c718,0x00000000d8480000)
  to   space 8704K, 0% used [0x00000000da880000,0x00000000da880000,0x00000000db100000)
 ParOldGen       total 87552K, used 4782K [0x0000000081c00000, 0x0000000087180000, 0x00000000d5f00000)
  object space 87552K, 5% used [0x0000000081c00000,0x00000000820ab900,0x0000000087180000)
 Metaspace       used 20373K, capacity 21228K, committed 21296K, reserved 1069056K
  class space    used 2455K, capacity 2688K, committed 2688K, reserved 1048576K
Event: 32.765 GC heap after
Heap after GC invocations=6 (full 0):
 PSYoungGen      total 39424K, used 6292K [0x00000000d5f00000, 0x00000000daf00000, 0x0000000100000000)
  eden space 32768K, 0% used [0x00000000d5f00000,0x00000000d5f00000,0x00000000d7f00000)
  from space 6656K, 94% used [0x00000000da880000,0x00000000daea50a8,0x00000000daf00000)
  to   space 8192K, 0% used [0x00000000d9f00000,0x00000000d9f00000,0x00000000da700000)
 ParOldGen       total 87552K, used 21174K [0x0000000081c00000, 0x0000000087180000, 0x00000000d5f00000)
  object space 87552K, 24% used [0x0000000081c00000,0x00000000830ad910,0x0000000087180000)
 Metaspace       used 20373K, capacity 21228K, committed 21296K, reserved 1069056K
  class space    used 2455K, capacity 2688K, committed 2688K, reserved 1048576K
}
Event: 32.765 GC heap before
{Heap before GC invocations=7 (full 1):
 PSYoungGen      total 39424K, used 6292K [0x00000000d5f00000, 0x00000000daf00000, 0x0000000100000000)
  eden space 32768K, 0% used [0x00000000d5f00000,0x00000000d5f00000,0x00000000d7f00000)
  from space 6656K, 94% used [0x00000000da880000,0x00000000daea50a8,0x00000000daf00000)
  to   space 8192K, 0% used [0x00000000d9f00000,0x00000000d9f00000,0x00000000da700000)
 ParOldGen       total 87552K, used 21174K [0x0000000081c00000, 0x0000000087180000, 0x00000000d5f00000)
  object space 87552K, 24% used [0x0000000081c00000,0x00000000830ad910,0x0000000087180000)
 Metaspace       used 20373K, capacity 21228K, committed 21296K, reserved 1069056K
  class space    used 2455K, capacity 2688K, committed 2688K, reserved 1048576K
Event: 32.872 GC heap after
Heap after GC invocations=7 (full 1):
 PSYoungGen      total 39424K, used 0K [0x00000000d5f00000, 0x00000000daf00000, 0x0000000100000000)
  eden space 32768K, 0% used [0x00000000d5f00000,0x00000000d5f00000,0x00000000d7f00000)
  from space 6656K, 0% used [0x00000000da880000,0x00000000da880000,0x00000000daf00000)
  to   space 8192K, 0% used [0x00000000d9f00000,0x00000000d9f00000,0x00000000da700000)
 ParOldGen       total 76800K, used 22553K [0x0000000081c00000, 0x0000000086700000, 0x00000000d5f00000)
  object space 76800K, 29% used [0x0000000081c00000,0x0000000083206698,0x0000000086700000)
 Metaspace       used 20370K, capacity 21220K, committed 21296K, reserved 1069056K
  class space    used 2454K, capacity 2686K, committed 2688K, reserved 1048576K
}

